

============================== 2022-05-31 10:00:18.214811 | 1f8b8af6-b9d0-4261-bd48-437320e47907 ==============================
10:00:18.214811 [info ] [MainThread]: Running with dbt=1.1.0
10:00:18.215815 [debug] [MainThread]: running dbt with arguments {'write_json': True, 'use_colors': True, 'printer_width': 80, 'version_check': True, 'partial_parse': True, 'static_parser': True, 'profiles_dir': 'C:\\Users\\shivamkumar6\\.dbt', 'send_anonymous_usage_stats': True, 'event_buffer_size': 100000, 'quiet': False, 'no_print': False, 'project_name': 'miniassignment1', 'skip_profile_setup': False, 'which': 'init', 'indirect_selection': 'eager'}
10:00:18.215815 [debug] [MainThread]: Tracking: tracking
10:00:18.216811 [debug] [MainThread]: Sending event: {'category': 'dbt', 'action': 'invocation', 'label': 'start', 'context': [<snowplow_tracker.self_describing_json.SelfDescribingJson object at 0x000001DE7C70F1C8>, <snowplow_tracker.self_describing_json.SelfDescribingJson object at 0x000001DE7C700D48>, <snowplow_tracker.self_describing_json.SelfDescribingJson object at 0x000001DE7C700FC8>]}
10:00:18.217812 [debug] [MainThread]: Starter project path: C:\Users\shivamkumar6\AppData\Local\Packages\PythonSoftwareFoundation.Python.3.7_qbz5n2kfra8p0\LocalCache\local-packages\Python37\site-packages\dbt\include\starter_project
10:02:08.215051 [info ] [MainThread]: Profile miniassignment1 written to C:\Users\shivamkumar6\.dbt\profiles.yml using target's profile_template.yml and your supplied values. Run 'dbt debug' to validate the connection.
10:02:08.216049 [info ] [MainThread]: 
Your new dbt project "miniassignment1" was created!

For more information on how to configure the profiles.yml file,
please consult the dbt documentation here:

  https://docs.getdbt.com/docs/configure-your-profile

One more thing:

Need help? Don't hesitate to reach out to us via GitHub issues or on Slack:

  https://community.getdbt.com/

Happy modeling!

10:02:08.217053 [debug] [MainThread]: Sending event: {'category': 'dbt', 'action': 'invocation', 'label': 'end', 'context': [<snowplow_tracker.self_describing_json.SelfDescribingJson object at 0x000001DE7C70FDC8>, <snowplow_tracker.self_describing_json.SelfDescribingJson object at 0x000001DE7C700D48>, <snowplow_tracker.self_describing_json.SelfDescribingJson object at 0x000001DE7C722148>]}


============================== 2022-05-31 10:18:13.970655 | 48658962-b016-4480-8e5b-66ebc8647b50 ==============================
10:18:13.970655 [info ] [MainThread]: Running with dbt=1.1.0
10:18:13.972655 [debug] [MainThread]: running dbt with arguments {'write_json': True, 'use_colors': True, 'printer_width': 80, 'version_check': True, 'partial_parse': True, 'static_parser': True, 'profiles_dir': 'C:\\Users\\shivamkumar6\\.dbt', 'send_anonymous_usage_stats': True, 'event_buffer_size': 100000, 'quiet': False, 'no_print': False, 'config_dir': False, 'which': 'debug', 'indirect_selection': 'eager'}
10:18:13.972655 [debug] [MainThread]: Tracking: tracking
10:18:13.973656 [debug] [MainThread]: Sending event: {'category': 'dbt', 'action': 'invocation', 'label': 'start', 'context': [<snowplow_tracker.self_describing_json.SelfDescribingJson object at 0x00000252FE613748>, <snowplow_tracker.self_describing_json.SelfDescribingJson object at 0x00000252FAC10D08>, <snowplow_tracker.self_describing_json.SelfDescribingJson object at 0x00000252FE5F6548>]}
10:18:14.570828 [debug] [MainThread]: Executing "git --help"
10:18:15.142685 [debug] [MainThread]: STDOUT: "b"usage: git [--version] [--help] [-C <path>] [-c <name>=<value>]\n           [--exec-path[=<path>]] [--html-path] [--man-path] [--info-path]\n           [-p | --paginate | -P | --no-pager] [--no-replace-objects] [--bare]\n           [--git-dir=<path>] [--work-tree=<path>] [--namespace=<name>]\n           [--super-prefix=<path>] [--config-env=<name>=<envvar>]\n           <command> [<args>]\n\nThese are common Git commands used in various situations:\n\nstart a working area (see also: git help tutorial)\n   clone     Clone a repository into a new directory\n   init      Create an empty Git repository or reinitialize an existing one\n\nwork on the current change (see also: git help everyday)\n   add       Add file contents to the index\n   mv        Move or rename a file, a directory, or a symlink\n   restore   Restore working tree files\n   rm        Remove files from the working tree and from the index\n\nexamine the history and state (see also: git help revisions)\n   bisect    Use binary search to find the commit that introduced a bug\n   diff      Show changes between commits, commit and working tree, etc\n   grep      Print lines matching a pattern\n   log       Show commit logs\n   show      Show various types of objects\n   status    Show the working tree status\n\ngrow, mark and tweak your common history\n   branch    List, create, or delete branches\n   commit    Record changes to the repository\n   merge     Join two or more development histories together\n   rebase    Reapply commits on top of another base tip\n   reset     Reset current HEAD to the specified state\n   switch    Switch branches\n   tag       Create, list, delete or verify a tag object signed with GPG\n\ncollaborate (see also: git help workflows)\n   fetch     Download objects and refs from another repository\n   pull      Fetch from and integrate with another repository or a local branch\n   push      Update remote refs along with associated objects\n\n'git help -a' and 'git help -g' list available subcommands and some\nconcept guides. See 'git help <command>' or 'git help <concept>'\nto read about a specific subcommand or concept.\nSee 'git help git' for an overview of the system.\n""
10:18:15.142685 [debug] [MainThread]: STDERR: "b''"
10:18:15.142685 [debug] [MainThread]: Sending event: {'category': 'dbt', 'action': 'invocation', 'label': 'end', 'context': [<snowplow_tracker.self_describing_json.SelfDescribingJson object at 0x00000252FE6134C8>, <snowplow_tracker.self_describing_json.SelfDescribingJson object at 0x00000252FAC00BC8>, <snowplow_tracker.self_describing_json.SelfDescribingJson object at 0x00000252FF7232C8>]}
